<?xml version="1.0" encoding="UTF-8"?>
<testng-results skipped="0" failed="0" total="2" passed="2">
  <reporter-output>
  </reporter-output>
  <suite name="Suite" duration-ms="21669" started-at="2018-07-25T06:42:59Z" finished-at="2018-07-25T06:43:21Z">
    <groups>
    </groups>
    <test name="Test2" duration-ms="20723" started-at="2018-07-25T06:42:59Z" finished-at="2018-07-25T06:43:20Z">
      <class name="com.accenture.tests.POMExample">
        <test-method status="PASS" signature="beforeTest()[pri:0, instance:com.accenture.tests.POMExample@ae45eb6]" name="beforeTest" is-config="true" duration-ms="12189" started-at="2018-07-25T12:13:00Z" finished-at="2018-07-25T12:13:12Z">
          <reporter-output>
          </reporter-output>
        </test-method> <!-- beforeTest -->
        <test-method status="PASS" signature="POMExamples()[pri:0, instance:com.accenture.tests.POMExample@ae45eb6]" name="POMExamples" duration-ms="7815" started-at="2018-07-25T12:13:12Z" finished-at="2018-07-25T12:13:20Z">
          <reporter-output>
          </reporter-output>
        </test-method> <!-- POMExamples -->
      </class> <!-- com.accenture.tests.POMExample -->
    </test> <!-- Test2 -->
    <test name="Test1" duration-ms="29" started-at="2018-07-25T06:43:21Z" finished-at="2018-07-25T06:43:21Z">
      <class name="com.accenture.tests.LoginTest">
        <test-method status="PASS" signature="LoginValid()[pri:0, instance:com.accenture.tests.LoginTest@14bf9759]" name="LoginValid" duration-ms="13" started-at="2018-07-25T12:13:21Z" finished-at="2018-07-25T12:13:21Z">
          <reporter-output>
          </reporter-output>
        </test-method> <!-- LoginValid -->
      </class> <!-- com.accenture.tests.LoginTest -->
    </test> <!-- Test1 -->
  </suite> <!-- Suite -->
</testng-results>
