<?xml version="1.0" encoding="UTF-8"?>
<testng-results skipped="0" failed="0" total="1" passed="1">
  <reporter-output>
  </reporter-output>
  <suite name="Default suite" duration-ms="66141" started-at="2018-07-24T03:42:41Z" finished-at="2018-07-24T03:43:47Z">
    <groups>
    </groups>
    <test name="Default test" duration-ms="66141" started-at="2018-07-24T03:42:41Z" finished-at="2018-07-24T03:43:47Z">
      <class name="PNCGroup.PNCArtifact.JavaScriptExecutor">
        <test-method status="PASS" signature="beforeTest()[pri:0, instance:PNCGroup.PNCArtifact.JavaScriptExecutor@4678c730]" name="beforeTest" is-config="true" duration-ms="62019" started-at="2018-07-24T09:12:41Z" finished-at="2018-07-24T09:13:43Z">
          <reporter-output>
          </reporter-output>
        </test-method> <!-- beforeTest -->
        <test-method status="PASS" signature="snapshot()[pri:0, instance:PNCGroup.PNCArtifact.JavaScriptExecutor@4678c730]" name="snapshot" duration-ms="4067" started-at="2018-07-24T09:13:43Z" finished-at="2018-07-24T09:13:47Z">
          <reporter-output>
          </reporter-output>
        </test-method> <!-- snapshot -->
      </class> <!-- PNCGroup.PNCArtifact.JavaScriptExecutor -->
    </test> <!-- Default test -->
  </suite> <!-- Default suite -->
</testng-results>
